<?xml version="1.0" encoding="UTF-8"?>
<!-- Generated by org.testng.reporters.JUnitXMLReporter -->
<testsuite ignored="0" hostname="Machin07" failures="0" tests="3" name="Default test" time="8.559" errors="0" timestamp="2024-09-07T13:48:53 IST">
  <testcase classname="tests.TextBoxTest" name="Practice" time="1.8"/>
  <testcase classname="tests.TextBoxTest" name="Elements" time="0.149"/>
  <testcase classname="tests.TextBoxTest" name="Textbox" time="0.168"/>
</testsuite> <!-- Default test -->
