<?xml version="1.0" encoding="UTF-8"?>
<testng-results ignored="0" total="3" passed="3" failed="0" skipped="0">
  <reporter-output>
  </reporter-output>
  <suite started-at="2024-09-07T13:48:44 IST" name="Default suite" finished-at="2024-09-07T13:48:52 IST" duration-ms="8559">
    <groups>
    </groups>
    <test started-at="2024-09-07T13:48:44 IST" name="Default test" finished-at="2024-09-07T13:48:52 IST" duration-ms="8559">
      <class name="tests.TextBoxTest">
        <test-method is-config="true" signature="launchURL()[pri:0, instance:tests.TextBoxTest@1ffaf86]" started-at="2024-09-07T13:48:44 IST" name="launchURL" finished-at="2024-09-07T13:48:50 IST" duration-ms="6375" status="PASS">
          <reporter-output>
          </reporter-output>
        </test-method> <!-- launchURL -->
        <test-method signature="Practice()[pri:1, instance:tests.TextBoxTest@1ffaf86]" started-at="2024-09-07T13:48:50 IST" name="Practice" finished-at="2024-09-07T13:48:52 IST" duration-ms="1800" status="PASS">
          <reporter-output>
          </reporter-output>
        </test-method> <!-- Practice -->
        <test-method signature="Elements()[pri:2, instance:tests.TextBoxTest@1ffaf86]" started-at="2024-09-07T13:48:52 IST" name="Elements" finished-at="2024-09-07T13:48:52 IST" duration-ms="149" status="PASS">
          <reporter-output>
          </reporter-output>
        </test-method> <!-- Elements -->
        <test-method signature="Textbox()[pri:3, instance:tests.TextBoxTest@1ffaf86]" started-at="2024-09-07T13:48:52 IST" name="Textbox" finished-at="2024-09-07T13:48:52 IST" duration-ms="168" status="PASS">
          <reporter-output>
          </reporter-output>
        </test-method> <!-- Textbox -->
      </class> <!-- tests.TextBoxTest -->
    </test> <!-- Default test -->
  </suite> <!-- Default suite -->
</testng-results>
