<?xml version="1.0" encoding="UTF-8"?>
<!-- Generated by org.testng.reporters.JUnitXMLReporter -->
<testsuite ignored="0" hostname="Machin07" failures="0" tests="3" name="Surefire test" time="3.902" errors="0" timestamp="2024-09-07T13:09:02 IST">
  <testcase classname="tests.TextBoxTest" name="@BeforeTest launchURL" time="3.853">
    <failure type="java.lang.NullPointerException">
      <![CDATA[java.lang.NullPointerException
at java.base/java.util.Objects.requireNonNull(Objects.java:220)
at org.openqa.selenium.support.ui.FluentWait.<init>(FluentWait.java:106)
at org.openqa.selenium.support.ui.WebDriverWait.<init>(WebDriverWait.java:85)
at org.openqa.selenium.support.ui.WebDriverWait.<init>(WebDriverWait.java:45)
at baselibrary.Baselibrary.waitforClick(Baselibrary.java:31)
at baselibrary.Baselibrary.launchBrowser(Baselibrary.java:23)
at tests.TextBoxTest.launchURL(TextBoxTest.java:15)
... Removed 27 stack frames]]>
    </failure>
  </testcase> <!-- @BeforeTest launchURL -->
  <testcase classname="tests.TextBoxTest" name="Practice" time="0.0">
    <skipped/>
  </testcase> <!-- Practice -->
  <testcase classname="tests.TextBoxTest" name="Elements" time="0.0">
    <skipped/>
  </testcase> <!-- Elements -->
  <testcase classname="tests.TextBoxTest" name="Textbox" time="0.0">
    <skipped/>
  </testcase> <!-- Textbox -->
</testsuite> <!-- Surefire test -->
